The system is: Linux - 6.0.15_1 - x86_64
Compiling the CXX compiler identification source file "CMakeCXXCompilerId.cpp" succeeded.
Compiler: /usr/bin/clang++ 
Build flags: 
Id flags:  

The output was:
0


Compilation of the CXX compiler identification source "CMakeCXXCompilerId.cpp" produced "a.out"

The CXX compiler identification is Clang, found in "/home/irkham/Destop/e-spatu/build/linux/x64/debug/CMakeFiles/3.25.1/CompilerIdCXX/a.out"

Detecting CXX compiler ABI info compiled with the following output:
Change Dir: /home/irkham/Destop/e-spatu/build/linux/x64/debug/CMakeFiles/CMakeScratch/TryCompile-QRuGOL

Run Build Command(s):/usr/bin/ninja cmTC_f8ddd && [1/2] Building CXX object CMakeFiles/cmTC_f8ddd.dir/CMakeCXXCompilerABI.cpp.o
clang version 12.0.1
Target: x86_64-unknown-linux-gnu
Thread model: posix
InstalledDir: /usr/bin
Found candidate GCC installation: /usr/bin/../lib/gcc/x86_64-unknown-linux-gnu/10.2
Found candidate GCC installation: /usr/bin/../lib/gcc/x86_64-unknown-linux-gnu/12.2
Found candidate GCC installation: /usr/bin/../lib/gcc/x86_64-unknown-linux-gnu/12.2.0
Found candidate GCC installation: /usr/bin/../lib64/gcc/x86_64-unknown-linux-gnu/10.2
Found candidate GCC installation: /usr/bin/../lib64/gcc/x86_64-unknown-linux-gnu/12.2
Found candidate GCC installation: /usr/bin/../lib64/gcc/x86_64-unknown-linux-gnu/12.2.0
Found candidate GCC installation: /usr/lib/gcc/x86_64-unknown-linux-gnu/10.2
Found candidate GCC installation: /usr/lib/gcc/x86_64-unknown-linux-gnu/12.2
Found candidate GCC installation: /usr/lib/gcc/x86_64-unknown-linux-gnu/12.2.0
Found candidate GCC installation: /usr/lib64/gcc/x86_64-unknown-linux-gnu/10.2
Found candidate GCC installation: /usr/lib64/gcc/x86_64-unknown-linux-gnu/12.2
Found candidate GCC installation: /usr/lib64/gcc/x86_64-unknown-linux-gnu/12.2.0
Selected GCC installation: /usr/bin/../lib64/gcc/x86_64-unknown-linux-gnu/12.2
Candidate multilib: .;@m64
Selected multilib: .;@m64
 (in-process)
 "/usr/bin/clang-12" -cc1 -triple x86_64-unknown-linux-gnu -emit-obj -mrelax-all --mrelax-relocations -disable-free -disable-llvm-verifier -discard-value-names -main-file-name CMakeCXXCompilerABI.cpp -mrelocation-model static -mframe-pointer=all -fmath-errno -fno-rounding-math -mconstructor-aliases -munwind-tables -target-cpu x86-64 -tune-cpu generic -fno-split-dwarf-inlining -debugger-tuning=gdb -v -resource-dir /usr/lib/clang/12.0.1 -dependency-file CMakeFiles/cmTC_f8ddd.dir/CMakeCXXCompilerABI.cpp.o.d -MT CMakeFiles/cmTC_f8ddd.dir/CMakeCXXCompilerABI.cpp.o -sys-header-deps -internal-isystem /usr/bin/../lib64/gcc/x86_64-unknown-linux-gnu/12.2/../../../../include/c++/12.2 -internal-isystem /usr/bin/../lib64/gcc/x86_64-unknown-linux-gnu/12.2/../../../../include/c++/12.2/x86_64-unknown-linux-gnu -internal-isystem /usr/bin/../lib64/gcc/x86_64-unknown-linux-gnu/12.2/../../../../include/c++/12.2/backward -internal-isystem /usr/local/include -internal-isystem /usr/lib/clang/12.0.1/include -internal-externc-isystem /include -internal-externc-isystem /usr/include -fdeprecated-macro -fdebug-compilation-dir /home/irkham/Destop/e-spatu/build/linux/x64/debug/CMakeFiles/CMakeScratch/TryCompile-QRuGOL -ferror-limit 19 -fgnuc-version=4.2.1 -fcxx-exceptions -fexceptions -faddrsig -o CMakeFiles/cmTC_f8ddd.dir/CMakeCXXCompilerABI.cpp.o -x c++ /usr/share/cmake-3.25/Modules/CMakeCXXCompilerABI.cpp
clang -cc1 version 12.0.1 based upon LLVM 12.0.1 default target x86_64-unknown-linux-gnu
ignoring nonexistent directory "/include"
#include "..." search starts here:
#include <...> search starts here:
 /usr/bin/../lib64/gcc/x86_64-unknown-linux-gnu/12.2/../../../../include/c++/12.2
 /usr/bin/../lib64/gcc/x86_64-unknown-linux-gnu/12.2/../../../../include/c++/12.2/x86_64-unknown-linux-gnu
 /usr/bin/../lib64/gcc/x86_64-unknown-linux-gnu/12.2/../../../../include/c++/12.2/backward
 /usr/local/include
 /usr/lib/clang/12.0.1/include
 /usr/include
End of search list.
[2/2] Linking CXX executable cmTC_f8ddd
clang version 12.0.1
Target: x86_64-unknown-linux-gnu
Thread model: posix
InstalledDir: /usr/bin
Found candidate GCC installation: /usr/bin/../lib/gcc/x86_64-unknown-linux-gnu/10.2
Found candidate GCC installation: /usr/bin/../lib/gcc/x86_64-unknown-linux-gnu/12.2
Found candidate GCC installation: /usr/bin/../lib/gcc/x86_64-unknown-linux-gnu/12.2.0
Found candidate GCC installation: /usr/bin/../lib64/gcc/x86_64-unknown-linux-gnu/10.2
Found candidate GCC installation: /usr/bin/../lib64/gcc/x86_64-unknown-linux-gnu/12.2
Found candidate GCC installation: /usr/bin/../lib64/gcc/x86_64-unknown-linux-gnu/12.2.0
Found candidate GCC installation: /usr/lib/gcc/x86_64-unknown-linux-gnu/10.2
Found candidate GCC installation: /usr/lib/gcc/x86_64-unknown-linux-gnu/12.2
Found candidate GCC installation: /usr/lib/gcc/x86_64-unknown-linux-gnu/12.2.0
Found candidate GCC installation: /usr/lib64/gcc/x86_64-unknown-linux-gnu/10.2
Found candidate GCC installation: /usr/lib64/gcc/x86_64-unknown-linux-gnu/12.2
Found candidate GCC installation: /usr/lib64/gcc/x86_64-unknown-linux-gnu/12.2.0
Selected GCC installation: /usr/bin/../lib64/gcc/x86_64-unknown-linux-gnu/12.2
Candidate multilib: .;@m64
Selected multilib: .;@m64
 "/usr/bin/x86_64-unknown-linux-gnu-ld" --build-id --eh-frame-hdr -m elf_x86_64 -dynamic-linker /lib64/ld-linux-x86-64.so.2 -o cmTC_f8ddd /usr/bin/../lib64/gcc/x86_64-unknown-linux-gnu/12.2/../../../../lib64/crt1.o /usr/bin/../lib64/gcc/x86_64-unknown-linux-gnu/12.2/../../../../lib64/crti.o /usr/bin/../lib64/gcc/x86_64-unknown-linux-gnu/12.2/crtbegin.o -L/usr/bin/../lib64/gcc/x86_64-unknown-linux-gnu/12.2 -L/usr/bin/../lib64/gcc/x86_64-unknown-linux-gnu/12.2/../../../../lib64 -L/usr/bin/../lib64 -L/lib/../lib64 -L/usr/lib/../lib64 -L/usr/bin/../lib64/gcc/x86_64-unknown-linux-gnu/12.2/../../.. -L/usr/bin/../lib -L/lib -L/usr/lib CMakeFiles/cmTC_f8ddd.dir/CMakeCXXCompilerABI.cpp.o -lstdc++ -lm -lgcc_s -lgcc -lc -lgcc_s -lgcc /usr/bin/../lib64/gcc/x86_64-unknown-linux-gnu/12.2/crtend.o /usr/bin/../lib64/gcc/x86_64-unknown-linux-gnu/12.2/../../../../lib64/crtn.o



Parsed CXX implicit include dir info from above output: rv=done
  found start of include info
  found start of implicit include info
    add: [/usr/bin/../lib64/gcc/x86_64-unknown-linux-gnu/12.2/../../../../include/c++/12.2]
    add: [/usr/bin/../lib64/gcc/x86_64-unknown-linux-gnu/12.2/../../../../include/c++/12.2/x86_64-unknown-linux-gnu]
    add: [/usr/bin/../lib64/gcc/x86_64-unknown-linux-gnu/12.2/../../../../include/c++/12.2/backward]
    add: [/usr/local/include]
    add: [/usr/lib/clang/12.0.1/include]
    add: [/usr/include]
  end of search list found
  collapse include dir [/usr/bin/../lib64/gcc/x86_64-unknown-linux-gnu/12.2/../../../../include/c++/12.2] ==> [/usr/include/c++/12.2]
  collapse include dir [/usr/bin/../lib64/gcc/x86_64-unknown-linux-gnu/12.2/../../../../include/c++/12.2/x86_64-unknown-linux-gnu] ==> [/usr/include/c++/12.2/x86_64-unknown-linux-gnu]
  collapse include dir [/usr/bin/../lib64/gcc/x86_64-unknown-linux-gnu/12.2/../../../../include/c++/12.2/backward] ==> [/usr/include/c++/12.2/backward]
  collapse include dir [/usr/local/include] ==> [/usr/local/include]
  collapse include dir [/usr/lib/clang/12.0.1/include] ==> [/usr/lib/clang/12.0.1/include]
  collapse include dir [/usr/include] ==> [/usr/include]
  implicit include dirs: [/usr/include/c++/12.2;/usr/include/c++/12.2/x86_64-unknown-linux-gnu;/usr/include/c++/12.2/backward;/usr/local/include;/usr/lib/clang/12.0.1/include;/usr/include]


Parsed CXX implicit link information from above output:
  link line regex: [^( *|.*[/\])(ld|CMAKE_LINK_STARTFILE-NOTFOUND|([^/\]+-)?ld|collect2)[^/\]*( |$)]
  ignore line: [Change Dir: /home/irkham/Destop/e-spatu/build/linux/x64/debug/CMakeFiles/CMakeScratch/TryCompile-QRuGOL]
  ignore line: []
  ignore line: [Run Build Command(s):/usr/bin/ninja cmTC_f8ddd && [1/2] Building CXX object CMakeFiles/cmTC_f8ddd.dir/CMakeCXXCompilerABI.cpp.o]
  ignore line: [clang version 12.0.1]
  ignore line: [Target: x86_64-unknown-linux-gnu]
  ignore line: [Thread model: posix]
  ignore line: [InstalledDir: /usr/bin]
  ignore line: [Found candidate GCC installation: /usr/bin/../lib/gcc/x86_64-unknown-linux-gnu/10.2]
  ignore line: [Found candidate GCC installation: /usr/bin/../lib/gcc/x86_64-unknown-linux-gnu/12.2]
  ignore line: [Found candidate GCC installation: /usr/bin/../lib/gcc/x86_64-unknown-linux-gnu/12.2.0]
  ignore line: [Found candidate GCC installation: /usr/bin/../lib64/gcc/x86_64-unknown-linux-gnu/10.2]
  ignore line: [Found candidate GCC installation: /usr/bin/../lib64/gcc/x86_64-unknown-linux-gnu/12.2]
  ignore line: [Found candidate GCC installation: /usr/bin/../lib64/gcc/x86_64-unknown-linux-gnu/12.2.0]
  ignore line: [Found candidate GCC installation: /usr/lib/gcc/x86_64-unknown-linux-gnu/10.2]
  ignore line: [Found candidate GCC installation: /usr/lib/gcc/x86_64-unknown-linux-gnu/12.2]
  ignore line: [Found candidate GCC installation: /usr/lib/gcc/x86_64-unknown-linux-gnu/12.2.0]
  ignore line: [Found candidate GCC installation: /usr/lib64/gcc/x86_64-unknown-linux-gnu/10.2]
  ignore line: [Found candidate GCC installation: /usr/lib64/gcc/x86_64-unknown-linux-gnu/12.2]
  ignore line: [Found candidate GCC installation: /usr/lib64/gcc/x86_64-unknown-linux-gnu/12.2.0]
  ignore line: [Selected GCC installation: /usr/bin/../lib64/gcc/x86_64-unknown-linux-gnu/12.2]
  ignore line: [Candidate multilib: .]
  ignore line: [@m64]
  ignore line: [Selected multilib: .]
  ignore line: [@m64]
  ignore line: [ (in-process)]
  ignore line: [ "/usr/bin/clang-12" -cc1 -triple x86_64-unknown-linux-gnu -emit-obj -mrelax-all --mrelax-relocations -disable-free -disable-llvm-verifier -discard-value-names -main-file-name CMakeCXXCompilerABI.cpp -mrelocation-model static -mframe-pointer=all -fmath-errno -fno-rounding-math -mconstructor-aliases -munwind-tables -target-cpu x86-64 -tune-cpu generic -fno-split-dwarf-inlining -debugger-tuning=gdb -v -resource-dir /usr/lib/clang/12.0.1 -dependency-file CMakeFiles/cmTC_f8ddd.dir/CMakeCXXCompilerABI.cpp.o.d -MT CMakeFiles/cmTC_f8ddd.dir/CMakeCXXCompilerABI.cpp.o -sys-header-deps -internal-isystem /usr/bin/../lib64/gcc/x86_64-unknown-linux-gnu/12.2/../../../../include/c++/12.2 -internal-isystem /usr/bin/../lib64/gcc/x86_64-unknown-linux-gnu/12.2/../../../../include/c++/12.2/x86_64-unknown-linux-gnu -internal-isystem /usr/bin/../lib64/gcc/x86_64-unknown-linux-gnu/12.2/../../../../include/c++/12.2/backward -internal-isystem /usr/local/include -internal-isystem /usr/lib/clang/12.0.1/include -internal-externc-isystem /include -internal-externc-isystem /usr/include -fdeprecated-macro -fdebug-compilation-dir /home/irkham/Destop/e-spatu/build/linux/x64/debug/CMakeFiles/CMakeScratch/TryCompile-QRuGOL -ferror-limit 19 -fgnuc-version=4.2.1 -fcxx-exceptions -fexceptions -faddrsig -o CMakeFiles/cmTC_f8ddd.dir/CMakeCXXCompilerABI.cpp.o -x c++ /usr/share/cmake-3.25/Modules/CMakeCXXCompilerABI.cpp]
  ignore line: [clang -cc1 version 12.0.1 based upon LLVM 12.0.1 default target x86_64-unknown-linux-gnu]
  ignore line: [ignoring nonexistent directory "/include"]
  ignore line: [#include "..." search starts here:]
  ignore line: [#include <...> search starts here:]
  ignore line: [ /usr/bin/../lib64/gcc/x86_64-unknown-linux-gnu/12.2/../../../../include/c++/12.2]
  ignore line: [ /usr/bin/../lib64/gcc/x86_64-unknown-linux-gnu/12.2/../../../../include/c++/12.2/x86_64-unknown-linux-gnu]
  ignore line: [ /usr/bin/../lib64/gcc/x86_64-unknown-linux-gnu/12.2/../../../../include/c++/12.2/backward]
  ignore line: [ /usr/local/include]
  ignore line: [ /usr/lib/clang/12.0.1/include]
  ignore line: [ /usr/include]
  ignore line: [End of search list.]
  ignore line: [[2/2] Linking CXX executable cmTC_f8ddd]
  ignore line: [clang version 12.0.1]
  ignore line: [Target: x86_64-unknown-linux-gnu]
  ignore line: [Thread model: posix]
  ignore line: [InstalledDir: /usr/bin]
  ignore line: [Found candidate GCC installation: /usr/bin/../lib/gcc/x86_64-unknown-linux-gnu/10.2]
  ignore line: [Found candidate GCC installation: /usr/bin/../lib/gcc/x86_64-unknown-linux-gnu/12.2]
  ignore line: [Found candidate GCC installation: /usr/bin/../lib/gcc/x86_64-unknown-linux-gnu/12.2.0]
  ignore line: [Found candidate GCC installation: /usr/bin/../lib64/gcc/x86_64-unknown-linux-gnu/10.2]
  ignore line: [Found candidate GCC installation: /usr/bin/../lib64/gcc/x86_64-unknown-linux-gnu/12.2]
  ignore line: [Found candidate GCC installation: /usr/bin/../lib64/gcc/x86_64-unknown-linux-gnu/12.2.0]
  ignore line: [Found candidate GCC installation: /usr/lib/gcc/x86_64-unknown-linux-gnu/10.2]
  ignore line: [Found candidate GCC installation: /usr/lib/gcc/x86_64-unknown-linux-gnu/12.2]
  ignore line: [Found candidate GCC installation: /usr/lib/gcc/x86_64-unknown-linux-gnu/12.2.0]
  ignore line: [Found candidate GCC installation: /usr/lib64/gcc/x86_64-unknown-linux-gnu/10.2]
  ignore line: [Found candidate GCC installation: /usr/lib64/gcc/x86_64-unknown-linux-gnu/12.2]
  ignore line: [Found candidate GCC installation: /usr/lib64/gcc/x86_64-unknown-linux-gnu/12.2.0]
  ignore line: [Selected GCC installation: /usr/bin/../lib64/gcc/x86_64-unknown-linux-gnu/12.2]
  ignore line: [Candidate multilib: .]
  ignore line: [@m64]
  ignore line: [Selected multilib: .]
  ignore line: [@m64]
  link line: [ "/usr/bin/x86_64-unknown-linux-gnu-ld" --build-id --eh-frame-hdr -m elf_x86_64 -dynamic-linker /lib64/ld-linux-x86-64.so.2 -o cmTC_f8ddd /usr/bin/../lib64/gcc/x86_64-unknown-linux-gnu/12.2/../../../../lib64/crt1.o /usr/bin/../lib64/gcc/x86_64-unknown-linux-gnu/12.2/../../../../lib64/crti.o /usr/bin/../lib64/gcc/x86_64-unknown-linux-gnu/12.2/crtbegin.o -L/usr/bin/../lib64/gcc/x86_64-unknown-linux-gnu/12.2 -L/usr/bin/../lib64/gcc/x86_64-unknown-linux-gnu/12.2/../../../../lib64 -L/usr/bin/../lib64 -L/lib/../lib64 -L/usr/lib/../lib64 -L/usr/bin/../lib64/gcc/x86_64-unknown-linux-gnu/12.2/../../.. -L/usr/bin/../lib -L/lib -L/usr/lib CMakeFiles/cmTC_f8ddd.dir/CMakeCXXCompilerABI.cpp.o -lstdc++ -lm -lgcc_s -lgcc -lc -lgcc_s -lgcc /usr/bin/../lib64/gcc/x86_64-unknown-linux-gnu/12.2/crtend.o /usr/bin/../lib64/gcc/x86_64-unknown-linux-gnu/12.2/../../../../lib64/crtn.o]
    arg [/usr/bin/x86_64-unknown-linux-gnu-ld] ==> ignore
    arg [--build-id] ==> ignore
    arg [--eh-frame-hdr] ==> ignore
    arg [-m] ==> ignore
    arg [elf_x86_64] ==> ignore
    arg [-dynamic-linker] ==> ignore
    arg [/lib64/ld-linux-x86-64.so.2] ==> ignore
    arg [-o] ==> ignore
    arg [cmTC_f8ddd] ==> ignore
    arg [/usr/bin/../lib64/gcc/x86_64-unknown-linux-gnu/12.2/../../../../lib64/crt1.o] ==> obj [/usr/bin/../lib64/gcc/x86_64-unknown-linux-gnu/12.2/../../../../lib64/crt1.o]
    arg [/usr/bin/../lib64/gcc/x86_64-unknown-linux-gnu/12.2/../../../../lib64/crti.o] ==> obj [/usr/bin/../lib64/gcc/x86_64-unknown-linux-gnu/12.2/../../../../lib64/crti.o]
    arg [/usr/bin/../lib64/gcc/x86_64-unknown-linux-gnu/12.2/crtbegin.o] ==> obj [/usr/bin/../lib64/gcc/x86_64-unknown-linux-gnu/12.2/crtbegin.o]
    arg [-L/usr/bin/../lib64/gcc/x86_64-unknown-linux-gnu/12.2] ==> dir [/usr/bin/../lib64/gcc/x86_64-unknown-linux-gnu/12.2]
    arg [-L/usr/bin/../lib64/gcc/x86_64-unknown-linux-gnu/12.2/../../../../lib64] ==> dir [/usr/bin/../lib64/gcc/x86_64-unknown-linux-gnu/12.2/../../../../lib64]
    arg [-L/usr/bin/../lib64] ==> dir [/usr/bin/../lib64]
    arg [-L/lib/../lib64] ==> dir [/lib/../lib64]
    arg [-L/usr/lib/../lib64] ==> dir [/usr/lib/../lib64]
    arg [-L/usr/bin/../lib64/gcc/x86_64-unknown-linux-gnu/12.2/../../..] ==> dir [/usr/bin/../lib64/gcc/x86_64-unknown-linux-gnu/12.2/../../..]
    arg [-L/usr/bin/../lib] ==> dir [/usr/bin/../lib]
    arg [-L/lib] ==> dir [/lib]
    arg [-L/usr/lib] ==> dir [/usr/lib]
    arg [CMakeFiles/cmTC_f8ddd.dir/CMakeCXXCompilerABI.cpp.o] ==> ignore
    arg [-lstdc++] ==> lib [stdc++]
    arg [-lm] ==> lib [m]
    arg [-lgcc_s] ==> lib [gcc_s]
    arg [-lgcc] ==> lib [gcc]
    arg [-lc] ==> lib [c]
    arg [-lgcc_s] ==> lib [gcc_s]
    arg [-lgcc] ==> lib [gcc]
    arg [/usr/bin/../lib64/gcc/x86_64-unknown-linux-gnu/12.2/crtend.o] ==> obj [/usr/bin/../lib64/gcc/x86_64-unknown-linux-gnu/12.2/crtend.o]
    arg [/usr/bin/../lib64/gcc/x86_64-unknown-linux-gnu/12.2/../../../../lib64/crtn.o] ==> obj [/usr/bin/../lib64/gcc/x86_64-unknown-linux-gnu/12.2/../../../../lib64/crtn.o]
  collapse obj [/usr/bin/../lib64/gcc/x86_64-unknown-linux-gnu/12.2/../../../../lib64/crt1.o] ==> [/usr/lib64/crt1.o]
  collapse obj [/usr/bin/../lib64/gcc/x86_64-unknown-linux-gnu/12.2/../../../../lib64/crti.o] ==> [/usr/lib64/crti.o]
  collapse obj [/usr/bin/../lib64/gcc/x86_64-unknown-linux-gnu/12.2/crtbegin.o] ==> [/usr/lib64/gcc/x86_64-unknown-linux-gnu/12.2/crtbegin.o]
  collapse obj [/usr/bin/../lib64/gcc/x86_64-unknown-linux-gnu/12.2/crtend.o] ==> [/usr/lib64/gcc/x86_64-unknown-linux-gnu/12.2/crtend.o]
  collapse obj [/usr/bin/../lib64/gcc/x86_64-unknown-linux-gnu/12.2/../../../../lib64/crtn.o] ==> [/usr/lib64/crtn.o]
  collapse library dir [/usr/bin/../lib64/gcc/x86_64-unknown-linux-gnu/12.2] ==> [/usr/lib64/gcc/x86_64-unknown-linux-gnu/12.2]
  collapse library dir [/usr/bin/../lib64/gcc/x86_64-unknown-linux-gnu/12.2/../../../../lib64] ==> [/usr/lib64]
  collapse library dir [/usr/bin/../lib64] ==> [/usr/lib64]
  collapse library dir [/lib/../lib64] ==> [/lib64]
  collapse library dir [/usr/lib/../lib64] ==> [/usr/lib64]
  collapse library dir [/usr/bin/../lib64/gcc/x86_64-unknown-linux-gnu/12.2/../../..] ==> [/usr/lib64]
  collapse library dir [/usr/bin/../lib] ==> [/usr/lib]
  collapse library dir [/lib] ==> [/lib]
  collapse library dir [/usr/lib] ==> [/usr/lib]
  implicit libs: [stdc++;m;gcc_s;gcc;c;gcc_s;gcc]
  implicit objs: [/usr/lib64/crt1.o;/usr/lib64/crti.o;/usr/lib64/gcc/x86_64-unknown-linux-gnu/12.2/crtbegin.o;/usr/lib64/gcc/x86_64-unknown-linux-gnu/12.2/crtend.o;/usr/lib64/crtn.o]
  implicit dirs: [/usr/lib64/gcc/x86_64-unknown-linux-gnu/12.2;/usr/lib64;/lib64;/usr/lib;/lib]
  implicit fwks: []


